# JRE version: Java(TM) SE Runtime Environment (17.0.2+8) (build 17.0.2+8-LTS-86)
# Java VM: Java HotSpot(TM) 64-Bit Server VM (17.0.2+8-LTS-86, mixed mode, sharing, tiered, compressed oops, compressed class ptrs, g1 gc, windows-amd64)
GC Precious Log:
 CPUs: 8 total, 8 available
 Memory: 3968M
 Large Page Support: Disabled
 NUMA Support: Disabled
 Compressed Oops: Enabled (32-bit)
 Heap Region Size: 1M
 Heap Min Capacity: 8M
 Heap Initial Capacity: 8M
 Heap Max Capacity: 994M
 Pre-touch: Disabled
 Parallel Workers: 8
 Concurrent Workers: 2
 Concurrent Refinement Workers: 8
 Periodic GC: Disabled
Heap:
 garbage-first heap   total 13312K, used 5528K [0x00000000c1e00000, 0x0000000100000000)
  region size 1024K, 1 young (1024K), 1 survivors (1024K)
 Metaspace       used 8405K, committed 8576K, reserved 1064960K
  class space    used 958K, committed 1024K, reserved 1048576K
GC Heap History (20 events):
Event: 0.350 GC heap after
{Heap after GC invocations=1 (full 0):
 garbage-first heap   total 8192K, used 1344K [0x00000000c1e00000, 0x0000000100000000)
  region size 1024K, 1 young (1024K), 1 survivors (1024K)
 Metaspace       used 2656K, committed 2816K, reserved 1056768K
  class space    used 330K, committed 384K, reserved 1048576K
}
Event: 0.471 GC heap before
{Heap before GC invocations=1 (full 0):
 garbage-first heap   total 8192K, used 2368K [0x00000000c1e00000, 0x0000000100000000)
  region size 1024K, 2 young (2048K), 1 survivors (1024K)
 Metaspace       used 4983K, committed 5184K, reserved 1056768K
  class space    used 618K, committed 704K, reserved 1048576K
}
Event: 0.473 GC heap after
{Heap after GC invocations=2 (full 0):
 garbage-first heap   total 8192K, used 2014K [0x00000000c1e00000, 0x0000000100000000)
  region size 1024K, 1 young (1024K), 1 survivors (1024K)
 Metaspace       used 4983K, committed 5184K, reserved 1056768K
  class space    used 618K, committed 704K, reserved 1048576K
}
Event: 0.813 GC heap before
{Heap before GC invocations=2 (full 0):
 garbage-first heap   total 8192K, used 3038K [0x00000000c1e00000, 0x0000000100000000)
  region size 1024K, 2 young (2048K), 1 survivors (1024K)
 Metaspace       used 6513K, committed 6656K, reserved 1064960K
  class space    used 780K, committed 832K, reserved 1048576K
}
Event: 0.814 GC heap after
{Heap after GC invocations=3 (full 0):
 garbage-first heap   total 8192K, used 2309K [0x00000000c1e00000, 0x0000000100000000)
  region size 1024K, 1 young (1024K), 1 survivors (1024K)
 Metaspace       used 6513K, committed 6656K, reserved 1064960K
  class space    used 780K, committed 832K, reserved 1048576K
}
Event: 0.895 GC heap before
{Heap before GC invocations=3 (full 0):
 garbage-first heap   total 8192K, used 3333K [0x00000000c1e00000, 0x0000000100000000)
  region size 1024K, 2 young (2048K), 1 survivors (1024K)
 Metaspace       used 7625K, committed 7808K, reserved 1064960K
  class space    used 889K, committed 960K, reserved 1048576K
}
Event: 0.897 GC heap after
{Heap after GC invocations=4 (full 0):
 garbage-first heap   total 8192K, used 2732K [0x00000000c1e00000, 0x0000000100000000)
  region size 1024K, 1 young (1024K), 1 survivors (1024K)
 Metaspace       used 7625K, committed 7808K, reserved 1064960K
  class space    used 889K, committed 960K, reserved 1048576K
}
Event: 0.920 GC heap before
{Heap before GC invocations=4 (full 0):
 garbage-first heap   total 8192K, used 2732K [0x00000000c1e00000, 0x0000000100000000)
  region size 1024K, 2 young (2048K), 1 survivors (1024K)
 Metaspace       used 7741K, committed 7872K, reserved 1064960K
  class space    used 892K, committed 960K, reserved 1048576K
}
Event: 0.922 GC heap after
{Heap after GC invocations=5 (full 0):
 garbage-first heap   total 8192K, used 2910K [0x00000000c1e00000, 0x0000000100000000)
  region size 1024K, 1 young (1024K), 1 survivors (1024K)
 Metaspace       used 7741K, committed 7872K, reserved 1064960K
  class space    used 892K, committed 960K, reserved 1048576K
}
Event: 0.946 GC heap before
{Heap before GC invocations=5 (full 0):
 garbage-first heap   total 8192K, used 3934K [0x00000000c1e00000, 0x0000000100000000)
  region size 1024K, 2 young (2048K), 1 survivors (1024K)
 Metaspace       used 7846K, committed 8064K, reserved 1064960K
  class space    used 903K, committed 1024K, reserved 1048576K
}
Event: 0.948 GC heap after
{Heap after GC invocations=6 (full 0):
 garbage-first heap   total 8192K, used 3068K [0x00000000c1e00000, 0x0000000100000000)
  region size 1024K, 1 young (1024K), 1 survivors (1024K)
 Metaspace       used 7846K, committed 8064K, reserved 1064960K
  class space    used 903K, committed 1024K, reserved 1048576K
}
Event: 0.958 GC heap before
{Heap before GC invocations=6 (full 0):
 garbage-first heap   total 8192K, used 4092K [0x00000000c1e00000, 0x0000000100000000)
  region size 1024K, 2 young (2048K), 1 survivors (1024K)
 Metaspace       used 7877K, committed 8064K, reserved 1064960K
  class space    used 903K, committed 1024K, reserved 1048576K
}
Event: 0.959 GC heap after
{Heap after GC invocations=7 (full 0):
 garbage-first heap   total 13312K, used 3197K [0x00000000c1e00000, 0x0000000100000000)
  region size 1024K, 1 young (1024K), 1 survivors (1024K)
 Metaspace       used 7877K, committed 8064K, reserved 1064960K
  class space    used 903K, committed 1024K, reserved 1048576K
}
Event: 1.007 GC heap before
{Heap before GC invocations=7 (full 0):
 garbage-first heap   total 13312K, used 6269K [0x00000000c1e00000, 0x0000000100000000)
  region size 1024K, 4 young (4096K), 1 survivors (1024K)
 Metaspace       used 8139K, committed 8320K, reserved 1064960K
  class space    used 935K, committed 1024K, reserved 1048576K
}
Event: 1.010 GC heap after
{Heap after GC invocations=8 (full 0):
 garbage-first heap   total 13312K, used 3758K [0x00000000c1e00000, 0x0000000100000000)
  region size 1024K, 1 young (1024K), 1 survivors (1024K)
 Metaspace       used 8139K, committed 8320K, reserved 1064960K
  class space    used 935K, committed 1024K, reserved 1048576K
}
Event: 1.044 GC heap before
{Heap before GC invocations=8 (full 0):
 garbage-first heap   total 13312K, used 6830K [0x00000000c1e00000, 0x0000000100000000)
  region size 1024K, 4 young (4096K), 1 survivors (1024K)
 Metaspace       used 8305K, committed 8448K, reserved 1064960K
  class space    used 949K, committed 1024K, reserved 1048576K
}
Event: 1.047 GC heap after
{Heap after GC invocations=9 (full 0):
 garbage-first heap   total 13312K, used 4273K [0x00000000c1e00000, 0x0000000100000000)
  region size 1024K, 1 young (1024K), 1 survivors (1024K)
 Metaspace       used 8305K, committed 8448K, reserved 1064960K
  class space    used 949K, committed 1024K, reserved 1048576K
}
Event: 1.065 GC heap before
{Heap before GC invocations=9 (full 0):
 garbage-first heap   total 13312K, used 7345K [0x00000000c1e00000, 0x0000000100000000)
  region size 1024K, 4 young (4096K), 1 survivors (1024K)
 Metaspace       used 8376K, committed 8576K, reserved 1064960K
  class space    used 957K, committed 1024K, reserved 1048576K
}
Event: 1.067 GC heap after
{Heap after GC invocations=10 (full 0):
 garbage-first heap   total 13312K, used 4998K [0x00000000c1e00000, 0x0000000100000000)
  region size 1024K, 1 young (1024K), 1 survivors (1024K)
 Metaspace       used 8376K, committed 8576K, reserved 1064960K
  class space    used 957K, committed 1024K, reserved 1048576K
}
Event: 1.076 GC heap before
{Heap before GC invocations=10 (full 0):
 garbage-first heap   total 13312K, used 8070K [0x00000000c1e00000, 0x0000000100000000)
  region size 1024K, 4 young (4096K), 1 survivors (1024K)
 Metaspace       used 8405K, committed 8576K, reserved 1064960K
  class space    used 958K, committed 1024K, reserved 1048576K
}

